# JRE version: Java(TM) SE Runtime Environment (8.0_131-b11) (build 1.8.0_131-b11)
# Java VM: Java HotSpot(TM) 64-Bit Server VM (25.131-b11 mixed mode windows-amd64 compressed oops)
Heap:
 PSYoungGen      total 38400K, used 13619K [0x00000000d5c00000, 0x00000000d8680000, 0x0000000100000000)
  eden space 33280K, 25% used [0x00000000d5c00000,0x00000000d6450860,0x00000000d7c80000)
  from space 5120K, 99% used [0x00000000d7c80000,0x00000000d817c790,0x00000000d8180000)
  to   space 5120K, 0% used [0x00000000d8180000,0x00000000d8180000,0x00000000d8680000)
 ParOldGen       total 52736K, used 13248K [0x0000000081400000, 0x0000000084780000, 0x00000000d5c00000)
  object space 52736K, 25% used [0x0000000081400000,0x00000000820f02d8,0x0000000084780000)
 Metaspace       used 27319K, capacity 28738K, committed 28928K, reserved 1075200K
  class space    used 3769K, capacity 4042K, committed 4096K, reserved 1048576K
GC Heap History (8 events):
Event: 1.047 GC heap before
{Heap before GC invocations=1 (full 0):
 PSYoungGen      total 38400K, used 33280K [0x00000000d5c00000, 0x00000000d8680000, 0x0000000100000000)
  eden space 33280K, 100% used [0x00000000d5c00000,0x00000000d7c80000,0x00000000d7c80000)
  from space 5120K, 0% used [0x00000000d8180000,0x00000000d8180000,0x00000000d8680000)
  to   space 5120K, 0% used [0x00000000d7c80000,0x00000000d7c80000,0x00000000d8180000)
 ParOldGen       total 87552K, used 0K [0x0000000081400000, 0x0000000086980000, 0x00000000d5c00000)
  object space 87552K, 0% used [0x0000000081400000,0x0000000081400000,0x0000000086980000)
 Metaspace       used 15607K, capacity 16460K, committed 16640K, reserved 1062912K
  class space    used 2287K, capacity 2521K, committed 2560K, reserved 1048576K
Event: 1.054 GC heap after
Heap after GC invocations=1 (full 0):
 PSYoungGen      total 38400K, used 4720K [0x00000000d5c00000, 0x00000000d8680000, 0x0000000100000000)
  eden space 33280K, 0% used [0x00000000d5c00000,0x00000000d5c00000,0x00000000d7c80000)
  from space 5120K, 92% used [0x00000000d7c80000,0x00000000d811c050,0x00000000d8180000)
  to   space 5120K, 0% used [0x00000000d8180000,0x00000000d8180000,0x00000000d8680000)
 ParOldGen       total 87552K, used 80K [0x0000000081400000, 0x0000000086980000, 0x00000000d5c00000)
  object space 87552K, 0% used [0x0000000081400000,0x0000000081414010,0x0000000086980000)
 Metaspace       used 15607K, capacity 16460K, committed 16640K, reserved 1062912K
  class space    used 2287K, capacity 2521K, committed 2560K, reserved 1048576K
}
Event: 10.903 GC heap before
{Heap before GC invocations=2 (full 0):
 PSYoungGen      total 38400K, used 23488K [0x00000000d5c00000, 0x00000000d8680000, 0x0000000100000000)
  eden space 33280K, 56% used [0x00000000d5c00000,0x00000000d6e540b0,0x00000000d7c80000)
  from space 5120K, 92% used [0x00000000d7c80000,0x00000000d811c050,0x00000000d8180000)
  to   space 5120K, 0% used [0x00000000d8180000,0x00000000d8180000,0x00000000d8680000)
 ParOldGen       total 87552K, used 80K [0x0000000081400000, 0x0000000086980000, 0x00000000d5c00000)
  object space 87552K, 0% used [0x0000000081400000,0x0000000081414010,0x0000000086980000)
 Metaspace       used 20027K, capacity 21164K, committed 21296K, reserved 1067008K
  class space    used 2901K, capacity 3163K, committed 3200K, reserved 1048576K
Event: 10.910 GC heap after
Heap after GC invocations=2 (full 0):
 PSYoungGen      total 38400K, used 5088K [0x00000000d5c00000, 0x00000000d8680000, 0x0000000100000000)
  eden space 33280K, 0% used [0x00000000d5c00000,0x00000000d5c00000,0x00000000d7c80000)
  from space 5120K, 99% used [0x00000000d8180000,0x00000000d8678050,0x00000000d8680000)
  to   space 5120K, 0% used [0x00000000d7c80000,0x00000000d7c80000,0x00000000d8180000)
 ParOldGen       total 87552K, used 7267K [0x0000000081400000, 0x0000000086980000, 0x00000000d5c00000)
  object space 87552K, 8% used [0x0000000081400000,0x0000000081b18fe8,0x0000000086980000)
 Metaspace       used 20027K, capacity 21164K, committed 21296K, reserved 1067008K
  class space    used 2901K, capacity 3163K, committed 3200K, reserved 1048576K
}
Event: 10.910 GC heap before
{Heap before GC invocations=3 (full 1):
 PSYoungGen      total 38400K, used 5088K [0x00000000d5c00000, 0x00000000d8680000, 0x0000000100000000)
  eden space 33280K, 0% used [0x00000000d5c00000,0x00000000d5c00000,0x00000000d7c80000)
  from space 5120K, 99% used [0x00000000d8180000,0x00000000d8678050,0x00000000d8680000)
  to   space 5120K, 0% used [0x00000000d7c80000,0x00000000d7c80000,0x00000000d8180000)
 ParOldGen       total 87552K, used 7267K [0x0000000081400000, 0x0000000086980000, 0x00000000d5c00000)
  object space 87552K, 8% used [0x0000000081400000,0x0000000081b18fe8,0x0000000086980000)
 Metaspace       used 20027K, capacity 21164K, committed 21296K, reserved 1067008K
  class space    used 2901K, capacity 3163K, committed 3200K, reserved 1048576K
Event: 10.936 GC heap after
Heap after GC invocations=3 (full 1):
 PSYoungGen      total 38400K, used 0K [0x00000000d5c00000, 0x00000000d8680000, 0x0000000100000000)
  eden space 33280K, 0% used [0x00000000d5c00000,0x00000000d5c00000,0x00000000d7c80000)
  from space 5120K, 0% used [0x00000000d8180000,0x00000000d8180000,0x00000000d8680000)
  to   space 5120K, 0% used [0x00000000d7c80000,0x00000000d7c80000,0x00000000d8180000)
 ParOldGen       total 52736K, used 10141K [0x0000000081400000, 0x0000000084780000, 0x00000000d5c00000)
  object space 52736K, 19% used [0x0000000081400000,0x0000000081de7680,0x0000000084780000)
 Metaspace       used 20027K, capacity 21164K, committed 21296K, reserved 1067008K
  class space    used 2901K, capacity 3163K, committed 3200K, reserved 1048576K
}
Event: 35.836 GC heap before
{Heap before GC invocations=4 (full 1):
 PSYoungGen      total 38400K, used 33280K [0x00000000d5c00000, 0x00000000d8680000, 0x0000000100000000)
  eden space 33280K, 100% used [0x00000000d5c00000,0x00000000d7c80000,0x00000000d7c80000)
  from space 5120K, 0% used [0x00000000d8180000,0x00000000d8180000,0x00000000d8680000)
  to   space 5120K, 0% used [0x00000000d7c80000,0x00000000d7c80000,0x00000000d8180000)
 ParOldGen       total 52736K, used 10141K [0x0000000081400000, 0x0000000084780000, 0x00000000d5c00000)
  object space 52736K, 19% used [0x0000000081400000,0x0000000081de7680,0x0000000084780000)
 Metaspace       used 26365K, capacity 27632K, committed 27776K, reserved 1073152K
  class space    used 3701K, capacity 3957K, committed 3968K, reserved 1048576K
Event: 35.846 GC heap after
Heap after GC invocations=4 (full 1):
 PSYoungGen      total 38400K, used 5105K [0x00000000d5c00000, 0x00000000d8680000, 0x0000000100000000)
  eden space 33280K, 0% used [0x00000000d5c00000,0x00000000d5c00000,0x00000000d7c80000)
  from space 5120K, 99% used [0x00000000d7c80000,0x00000000d817c790,0x00000000d8180000)
  to   space 5120K, 0% used [0x00000000d8180000,0x00000000d8180000,0x00000000d8680000)
 ParOldGen       total 52736K, used 13248K [0x0000000081400000, 0x0000000084780000, 0x00000000d5c00000)
  object space 52736K, 25% used [0x0000000081400000,0x00000000820f02d8,0x0000000084780000)
 Metaspace       used 26365K, capacity 27632K, committed 27776K, reserved 1073152K
  class space    used 3701K, capacity 3957K, committed 3968K, reserved 1048576K
}

